<?xml version="1.0" encoding="UTF-8"?>
<!-- Generated by org.testng.reporters.JUnitReportReporter -->
<testsuite skipped="0" hostname="RISHABH-PC" name="test.NewTest" tests="1" failures="0" timestamp="24 Jun 2018 12:26:01 GMT" time="58.493" errors="0">
  <testcase name="f" time="58.493" classname="test.NewTest"/>
</testsuite> <!-- test.NewTest -->
